4.5 miles (7.24 km) separation => 7.40e-03 deg at 8.79 R_E

CDAWeb GSE (MMS MEC_SRVY_L2_EPHT89D)
  Found 5760/5760 common timestamps across spacecraft for CDAWeb data.
  MMS1 mean distance: 56081.77 km
    Minimum distance from centroid: 4.04 km
  MMS2 mean distance: 56079.19 km
    Minimum distance from centroid: 2.98 km
  MMS3 mean distance: 56084.43 km
    Minimum distance from centroid: 3.07 km
  MMS4 mean distance: 56081.80 km
    Minimum distance from centroid: 3.99 km
  MMS1-MMS2
    Minimum separation distance and angle: 6.00 km and 6.13e-03 deg at 2016-09-15T19:37:00
  MMS1-MMS3
    Minimum separation distance and angle: 6.07 km and 6.20e-03 deg at 2016-09-15T23:04:00
  MMS1-MMS4
    Minimum separation distance and angle: 2.21 km and 2.25e-03 deg at 2016-09-14T08:18:30
  MMS2-MMS3
    Minimum separation distance and angle: 4.59 km and 4.69e-03 deg at 2016-09-15T21:24:00
  MMS2-MMS4
    Minimum separation distance and angle: 5.54 km and 5.66e-03 deg at 2016-09-15T19:47:30
  MMS3-MMS4
    Minimum separation distance and angle: 5.72 km and 5.84e-03 deg at 2016-09-15T22:51:30
  Writing: /Users/rweigel/git/stct/2026-Weigel-Coordinate-Frames-Code/../2026-Weigel-Coordinate-Frames-Data/mms_separation/figures/mms_separation_CDAWeb_GSE_MEC_SRVY_L2_EPHT89D.pdf
  Writing: /Users/rweigel/git/stct/2026-Weigel-Coordinate-Frames-Code/../2026-Weigel-Coordinate-Frames-Data/mms_separation/figures/svg/mms_separation_CDAWeb_GSE_MEC_SRVY_L2_EPHT89D.svg
  Writing: /Users/rweigel/git/stct/2026-Weigel-Coordinate-Frames-Code/../2026-Weigel-Coordinate-Frames-Data/mms_separation/figures/png/mms_separation_CDAWeb_GSE_MEC_SRVY_L2_EPHT89D.png
